<?xml version= "1.0" encoding= "UTF-8"?>
<!DOCTYPE suite SYSTEM "http://testng.org/testng-1.0.dtd" >
  
<suite name="Suite1" verbose="1" >
  <test name="POST_TEST" >
  	<!-- <groups>
      <run>
        <include name="Regression"/>
      </run>
    </groups> -->
    <classes>
       <class name="com.project.api.testscenarios.functionalvalidationtests.EmailValidation_GetCall"/>
    </classes>
  </test>
 
  <!-- <test name="Regression1">
  	<groups>
      <run>
        <include name="Regression"/>
      </run>
    </groups>
    <classes>
      <class name="com.project.api.testscenarios.functionalvalidationtests.CustomerOnboarding_GetCall"/>
    </classes>
  </test> -->
</suite>