<?xml version="1.0" encoding="UTF-8"?>
<!DOCTYPE suite SYSTEM "http://testng.org/testng-1.0.dtd" >
<suite name="Suite1" verbose="1" >
  <test name="GET_TEST" >
  	<groups>
      <run>
        <include name="getcustomer"/>
      </run>
    </groups>
    <classes>
       <class name="com.project.api.testscenarios.httpstatusvalidationtests.CustomerOnboarding_GetCall"/>
    </classes>
  </test>
 
  <test name="POST_TEST">
  	<groups>
      <run>
        <include name="postcustomer"/>
      </run>
    </groups>
    <classes>
      <class name="com.project.api.testscenarios.httpstatusvalidationtests.CustomerOnboarding_PostCall"/>
    </classes>
  </test>
</suite>